#
# There is insufficient memory for the Java Runtime Environment to continue.
# Native memory allocation (mmap) failed to map 268435456 bytes for Failed to commit area from 0x0000000700e00000 to 0x0000000710e00000 of length 268435456.
# Possible reasons:
#   The system is out of physical RAM or swap space
#   The process is running with CompressedOops enabled, and the Java Heap may be blocking the growth of the native heap
# Possible solutions:
#   Reduce memory load on the system
#   Increase physical memory or swap space
#   Check if swap backing store is full
#   Decrease Java heap size (-Xmx/-Xms)
#   Decrease number of Java threads
#   Decrease Java thread stack sizes (-Xss)
#   Set larger code cache with -XX:ReservedCodeCacheSize=
# This output file may be truncated or incomplete.
#
#  Out of Memory Error (t:/workspace/open/src/hotspot/os/windows/os_windows.cpp:3254), pid=26448, tid=2100
#
# JRE version:  (12.0.1+12) (build )
# Java VM: Java HotSpot(TM) 64-Bit Server VM (12.0.1+12, mixed mode, aot, sharing, tiered, compressed oops, g1 gc, windows-amd64)
# No core dump will be written. Minidumps are not enabled by default on client versions of Windows
#

---------------  S U M M A R Y ------------

Command Line: -Dfile.encoding=Cp1252 Calculator

Host: Intel(R) Core(TM) i5-2500K CPU @ 3.30GHz, 4 cores, 15G,  Windows 10 , 64 bit Build 17763 (10.0.17763.475)
Time: Thu Nov 21 17:46:26 2019 Mitteleuropäische Zeit elapsed time: 0 seconds (0d 0h 0m 0s)

---------------  T H R E A D  ---------------

Current thread (0x0000019a366f7800):  JavaThread "Unknown thread" [_thread_in_vm, id=2100, stack(0x00000025c2a00000,0x00000025c2b00000)]

Stack: [0x00000025c2a00000,0x00000025c2b00000]
Native frames: (J=compiled Java code, j=interpreted, Vv=VM code, C=native code)
V  [jvm.dll+0x63948a]
V  [jvm.dll+0x78b31f]
V  [jvm.dll+0x78c9c1]
V  [jvm.dll+0x78d013]
V  [jvm.dll+0x262138]
V  [jvm.dll+0x63698a]
V  [jvm.dll+0x62b505]
V  [jvm.dll+0x31d9bc]
V  [jvm.dll+0x31d7ef]
V  [jvm.dll+0x323526]
V  [jvm.dll+0x370f76]
V  [jvm.dll+0x370750]
V  [jvm.dll+0x2f786a]
V  [jvm.dll+0x2f8af2]
V  [jvm.dll+0x7657b7]
V  [jvm.dll+0x766e95]
V  [jvm.dll+0x37f089]
V  [jvm.dll+0x749b14]
V  [jvm.dll+0x3ee48d]
V  [jvm.dll+0x3f03c1]
C  [jli.dll+0x51cf]
C  [ucrtbase.dll+0x21ffa]
C  [KERNEL32.DLL+0x17974]
C  [ntdll.dll+0x6a271]


---------------  P R O C E S S  ---------------

Threads class SMR info:
_java_thread_list=0x00007ffe0e7e48e8, length=0, elements={
}

Java Threads: ( => current thread )

Other Threads:
  0x0000019a3675b800 GCTaskThread "GC Thread#0" [stack: 0x00000025c2b00000,0x00000025c2c00000] [id=25736]
  0x0000019a36777000 ConcurrentGCThread "G1 Main Marker" [stack: 0x00000025c2c00000,0x00000025c2d00000] [id=25376]
  0x0000019a36779800 ConcurrentGCThread "G1 Conc#0" [stack: 0x00000025c2d00000,0x00000025c2e00000] [id=25772]

[error occurred during error reporting (printing all threads), id 0xc0000005, EXCEPTION_ACCESS_VIOLATION (0xc0000005) at pc=0x00007ffe0e017a37]

VM state:not at safepoint (not fully initialized)

VM Mutex/Monitor currently owned by a thread:  ([mutex/lock_event])
[0x0000019a366f3b80] Heap_lock - owner thread: 0x0000019a366f7800

Heap address: 0x0000000700e00000, size: 4082 MB, Compressed Oops mode: Non-zero based: 0x0000000700e00000
Narrow klass base: 0x0000000000000000, Narrow klass shift: 0

GC Heap History (0 events):
No events

Deoptimization events (0 events):
No events

Classes redefined (0 events):
No events

Internal exceptions (0 events):
No events

Events (0 events):
No events


Dynamic libraries:
0x00007ff7a1030000 - 0x00007ff7a103f000 	C:\Program Files\Java\jdk-12.0.1\bin\javaw.exe
0x00007ffe70b20000 - 0x00007ffe70d0d000 	C:\WINDOWS\SYSTEM32\ntdll.dll
0x00007ffe70630000 - 0x00007ffe706e3000 	C:\WINDOWS\System32\KERNEL32.DLL
0x00007ffe6cdb0000 - 0x00007ffe6d043000 	C:\WINDOWS\System32\KERNELBASE.dll
0x00007ffe6ccb0000 - 0x00007ffe6cdaa000 	C:\WINDOWS\System32\ucrtbase.dll
0x00007ffe5da80000 - 0x00007ffe5da98000 	C:\Program Files\Java\jdk-12.0.1\bin\jli.dll
0x00007ffe6ea30000 - 0x00007ffe6ead3000 	C:\WINDOWS\System32\ADVAPI32.dll
0x00007ffe70790000 - 0x00007ffe7082e000 	C:\WINDOWS\System32\msvcrt.dll
0x00007ffe706f0000 - 0x00007ffe7078e000 	C:\WINDOWS\System32\sechost.dll
0x00007ffe6e020000 - 0x00007ffe6e142000 	C:\WINDOWS\System32\RPCRT4.dll
0x00007ffe5da60000 - 0x00007ffe5da76000 	C:\Program Files\Java\jdk-12.0.1\bin\VCRUNTIME140.dll
0x00007ffe6e890000 - 0x00007ffe6ea27000 	C:\WINDOWS\System32\USER32.dll
0x00007ffe6cc60000 - 0x00007ffe6cc80000 	C:\WINDOWS\System32\win32u.dll
0x00007ffe70600000 - 0x00007ffe70629000 	C:\WINDOWS\System32\GDI32.dll
0x00007ffe6d7c0000 - 0x00007ffe6d959000 	C:\WINDOWS\System32\gdi32full.dll
0x00007ffe6d960000 - 0x00007ffe6da00000 	C:\WINDOWS\System32\msvcp_win.dll
0x00007ffe60080000 - 0x00007ffe602f9000 	C:\WINDOWS\WinSxS\amd64_microsoft.windows.common-controls_6595b64144ccf1df_6.0.17763.864_none_05b3441807210760\COMCTL32.dll
0x00007ffe6e150000 - 0x00007ffe6e47c000 	C:\WINDOWS\System32\combase.dll
0x00007ffe67e50000 - 0x00007ffe67e5a000 	C:\WINDOWS\SYSTEM32\VERSION.dll
0x00007ffe6cbe0000 - 0x00007ffe6cc5e000 	C:\WINDOWS\System32\bcryptPrimitives.dll
0x00007ffe6de10000 - 0x00007ffe6de3e000 	C:\WINDOWS\System32\IMM32.DLL
0x00007ffe3fed0000 - 0x00007ffe3ff7a000 	C:\Program Files\Java\jdk-12.0.1\bin\msvcp140.dll
0x00007ffe0dd10000 - 0x00007ffe0e884000 	C:\Program Files\Java\jdk-12.0.1\bin\server\jvm.dll
0x00007ffe6e800000 - 0x00007ffe6e808000 	C:\WINDOWS\System32\PSAPI.DLL
0x00007ffe61c00000 - 0x00007ffe61c09000 	C:\WINDOWS\SYSTEM32\WSOCK32.dll
0x00007ffe69cd0000 - 0x00007ffe69cf4000 	C:\WINDOWS\SYSTEM32\WINMM.dll
0x00007ffe6de40000 - 0x00007ffe6dead000 	C:\WINDOWS\System32\WS2_32.dll
0x00007ffe69ca0000 - 0x00007ffe69ccd000 	C:\WINDOWS\SYSTEM32\WINMMBASE.dll
0x00007ffe6da60000 - 0x00007ffe6daaa000 	C:\WINDOWS\System32\cfgmgr32.dll
0x00007ffe6cb70000 - 0x00007ffe6cb81000 	C:\WINDOWS\System32\kernel.appcore.dll
0x00007ffe61fe0000 - 0x00007ffe61ff1000 	C:\Program Files\Java\jdk-12.0.1\bin\verify.dll
0x00007ffe6b300000 - 0x00007ffe6b4ed000 	C:\WINDOWS\SYSTEM32\DBGHELP.DLL
0x00007ffe535c0000 - 0x00007ffe535ea000 	C:\WINDOWS\SYSTEM32\dbgcore.DLL
0x00007ffe61e90000 - 0x00007ffe61eb6000 	C:\Program Files\Java\jdk-12.0.1\bin\java.dll
0x00007ffe61e70000 - 0x00007ffe61e87000 	C:\Program Files\Java\jdk-12.0.1\bin\zip.dll
0x00007ffe62cf0000 - 0x00007ffe62cfa000 	C:\Program Files\Java\jdk-12.0.1\bin\jimage.dll

dbghelp: loaded successfully - version: 4.0.5 - missing functions: none
symbol engine: initialized successfully - sym options: 0x614 - pdb path: .;C:\Program Files\Java\jdk-12.0.1\bin;C:\WINDOWS\SYSTEM32;C:\WINDOWS\WinSxS\amd64_microsoft.windows.common-controls_6595b64144ccf1df_6.0.17763.864_none_05b3441807210760;C:\Program Files\Java\jdk-12.0.1\bin\server

VM Arguments:
jvm_args: -Dfile.encoding=Cp1252 
java_command: Calculator
java_class_path (initial): C:\Users\Tony\eclipse-workspace\calculator-full-solution
Launcher Type: SUN_STANDARD

[Global flags]
     intx CICompilerCount                          = 3                                         {product} {ergonomic}
     uint ConcGCThreads                            = 1                                         {product} {ergonomic}
     uint G1ConcRefinementThreads                  = 4                                         {product} {ergonomic}
   size_t G1HeapRegionSize                         = 1048576                                   {product} {ergonomic}
    uintx GCDrainStackTargetSize                   = 64                                        {product} {ergonomic}
   size_t InitialHeapSize                          = 268435456                                 {product} {ergonomic}
   size_t MarkStackSize                            = 4194304                                   {product} {ergonomic}
   size_t MaxHeapSize                              = 4280287232                                {product} {ergonomic}
   size_t MinHeapDeltaBytes                        = 1048576                                   {product} {ergonomic}
    uintx NonNMethodCodeHeapSize                   = 5830732                                {pd product} {ergonomic}
    uintx NonProfiledCodeHeapSize                  = 122913754                              {pd product} {ergonomic}
    uintx ProfiledCodeHeapSize                     = 122913754                              {pd product} {ergonomic}
    uintx ReservedCodeCacheSize                    = 251658240                              {pd product} {ergonomic}
     bool SegmentedCodeCache                       = true                                      {product} {ergonomic}
     bool UseCompressedClassPointers               = true                                 {lp64_product} {ergonomic}
     bool UseCompressedOops                        = true                                 {lp64_product} {ergonomic}
     bool UseG1GC                                  = true                                      {product} {ergonomic}
     bool UseLargePagesIndividualAllocation        = false                                  {pd product} {ergonomic}

Logging:
Log output configuration:
 #0: stdout all=warning uptime,level,tags
 #1: stderr all=off uptime,level,tags

Environment Variables:
JAVA_HOME=C:\Program Files\Java\jdk-12.0.1
PATH=C:/Program Files/Java/jdk-12.0.1/bin/server;C:/Program Files/Java/jdk-12.0.1/bin;C:\WINDOWS\system32;C:\WINDOWS;C:\WINDOWS\System32\Wbem;C:\WINDOWS\System32\WindowsPowerShell\v1.0\;C:\WINDOWS\System32\OpenSSH\;C:\Program Files\Java\jdk-12.0.1\bin;C:\Program Files\Java\jre1.8.0_211\bin;C:\Users\Tony\AppData\Local\Microsoft\WindowsApps;C:\Users\Tony\AppData\Local\GitHubDesktop\bin;C:\Users\Tony\AppData\Local\atom\bin;c:\users\tony\eclipse\java-2019-09\eclipse;
USERNAME=Tony
OS=Windows_NT
PROCESSOR_IDENTIFIER=Intel64 Family 6 Model 42 Stepping 7, GenuineIntel



---------------  S Y S T E M  ---------------

OS: Windows 10 , 64 bit Build 17763 (10.0.17763.475)

CPU:total 4 (initial active 4) (4 cores per cpu, 1 threads per core) family 6 model 42 stepping 7, cmov, cx8, fxsr, mmx, sse, sse2, sse3, ssse3, sse4.1, sse4.2, popcnt, avx, aes, clmul, tsc, tscinvbit

Memory: 4k page, system-wide physical 16323M (8411M free)
TotalPageFile size 46002M (AvailPageFile size 147M)
current process WorkingSet (physical memory assigned to process): 10M, peak: 10M
current process commit charge ("private bytes"): 52M, peak: 308M

vm_info: Java HotSpot(TM) 64-Bit Server VM (12.0.1+12) for windows-amd64 JRE (12.0.1+12), built on Apr  2 2019 14:02:19 by "mach5one" with MS VC++ 15.5 (VS2017)

END.
